-------------------------------------------------------------------------------
Test set: tests.PersonalAccountPageTests
-------------------------------------------------------------------------------
Tests run: 12, Failures: 0, Errors: 9, Skipped: 0, Time elapsed: 44.701 s <<< FAILURE! - in tests.PersonalAccountPageTests
openMainPageButtonConstructorTest[0](tests.PersonalAccountPageTests)  Time elapsed: 3.462 s  <<< ERROR!
org.openqa.selenium.SessionNotCreatedException: 
session not created: This version of ChromeDriver only supports Chrome version 114
Current browser version is 120.0.6099.110 with binary path C:\Program Files (x86)\Google\Chrome\Application\chrome.exe
Build info: version: '3.141.59', revision: 'e82be7d358', time: '2018-11-14T08:17:03'
System info: host: 'EBOGDANOVA-L', ip: '10.101.164.59', os.name: 'Windows 10', os.arch: 'amd64', os.version: '10.0', java.version: '11.0.14'
Driver info: driver.version: ChromeDriver
remote stacktrace: Backtrace:
	GetHandleVerifier [0x007BA813+48355]
	(No symbol) [0x0074C4B1]
	(No symbol) [0x00655358]
	(No symbol) [0x006761AC]
	(No symbol) [0x00671EF3]
	(No symbol) [0x00670579]
	(No symbol) [0x006A0C55]
	(No symbol) [0x006A093C]
	(No symbol) [0x0069A536]
	(No symbol) [0x006782DC]
	(No symbol) [0x006793DD]
	GetHandleVerifier [0x00A1AABD+2539405]
	GetHandleVerifier [0x00A5A78F+2800735]
	GetHandleVerifier [0x00A5456C+2775612]
	GetHandleVerifier [0x008451E0+616112]
	(No symbol) [0x00755F8C]
	(No symbol) [0x00752328]
	(No symbol) [0x0075240B]
	(No symbol) [0x00744FF7]
	BaseThreadInitThunk [0x761600C9+25]
	RtlGetAppContainerNamedObjectPath [0x772E7B4E+286]
	RtlGetAppContainerNamedObjectPath [0x772E7B1E+238]

	at tests.PersonalAccountPageTests.login(PersonalAccountPageTests.java:41)

openMainPageButtonConstructorTest[0](tests.PersonalAccountPageTests)  Time elapsed: 3.463 s  <<< ERROR!
java.lang.NullPointerException
	at tests.PersonalAccountPageTests.teardown(PersonalAccountPageTests.java:97)

personalAccountTest[0](tests.PersonalAccountPageTests)  Time elapsed: 2.616 s  <<< ERROR!
org.openqa.selenium.SessionNotCreatedException: 
session not created: This version of ChromeDriver only supports Chrome version 114
Current browser version is 120.0.6099.110 with binary path C:\Program Files (x86)\Google\Chrome\Application\chrome.exe
Build info: version: '3.141.59', revision: 'e82be7d358', time: '2018-11-14T08:17:03'
System info: host: 'EBOGDANOVA-L', ip: '10.101.164.59', os.name: 'Windows 10', os.arch: 'amd64', os.version: '10.0', java.version: '11.0.14'
Driver info: driver.version: ChromeDriver
remote stacktrace: Backtrace:
	GetHandleVerifier [0x007BA813+48355]
	(No symbol) [0x0074C4B1]
	(No symbol) [0x00655358]
	(No symbol) [0x006761AC]
	(No symbol) [0x00671EF3]
	(No symbol) [0x00670579]
	(No symbol) [0x006A0C55]
	(No symbol) [0x006A093C]
	(No symbol) [0x0069A536]
	(No symbol) [0x006782DC]
	(No symbol) [0x006793DD]
	GetHandleVerifier [0x00A1AABD+2539405]
	GetHandleVerifier [0x00A5A78F+2800735]
	GetHandleVerifier [0x00A5456C+2775612]
	GetHandleVerifier [0x008451E0+616112]
	(No symbol) [0x00755F8C]
	(No symbol) [0x00752328]
	(No symbol) [0x0075240B]
	(No symbol) [0x00744FF7]
	BaseThreadInitThunk [0x761600C9+25]
	RtlGetAppContainerNamedObjectPath [0x772E7B4E+286]
	RtlGetAppContainerNamedObjectPath [0x772E7B1E+238]

	at tests.PersonalAccountPageTests.login(PersonalAccountPageTests.java:41)

personalAccountTest[0](tests.PersonalAccountPageTests)  Time elapsed: 2.617 s  <<< ERROR!
java.lang.NullPointerException
	at tests.PersonalAccountPageTests.teardown(PersonalAccountPageTests.java:97)

openMainPageButtonLogoTest[0](tests.PersonalAccountPageTests)  Time elapsed: 2.702 s  <<< ERROR!
org.openqa.selenium.SessionNotCreatedException: 
session not created: This version of ChromeDriver only supports Chrome version 114
Current browser version is 120.0.6099.110 with binary path C:\Program Files (x86)\Google\Chrome\Application\chrome.exe
Build info: version: '3.141.59', revision: 'e82be7d358', time: '2018-11-14T08:17:03'
System info: host: 'EBOGDANOVA-L', ip: '10.101.164.59', os.name: 'Windows 10', os.arch: 'amd64', os.version: '10.0', java.version: '11.0.14'
Driver info: driver.version: ChromeDriver
remote stacktrace: Backtrace:
	GetHandleVerifier [0x007BA813+48355]
	(No symbol) [0x0074C4B1]
	(No symbol) [0x00655358]
	(No symbol) [0x006761AC]
	(No symbol) [0x00671EF3]
	(No symbol) [0x00670579]
	(No symbol) [0x006A0C55]
	(No symbol) [0x006A093C]
	(No symbol) [0x0069A536]
	(No symbol) [0x006782DC]
	(No symbol) [0x006793DD]
	GetHandleVerifier [0x00A1AABD+2539405]
	GetHandleVerifier [0x00A5A78F+2800735]
	GetHandleVerifier [0x00A5456C+2775612]
	GetHandleVerifier [0x008451E0+616112]
	(No symbol) [0x00755F8C]
	(No symbol) [0x00752328]
	(No symbol) [0x0075240B]
	(No symbol) [0x00744FF7]
	BaseThreadInitThunk [0x761600C9+25]
	RtlGetAppContainerNamedObjectPath [0x772E7B4E+286]
	RtlGetAppContainerNamedObjectPath [0x772E7B1E+238]

	at tests.PersonalAccountPageTests.login(PersonalAccountPageTests.java:41)

openMainPageButtonLogoTest[0](tests.PersonalAccountPageTests)  Time elapsed: 2.702 s  <<< ERROR!
java.lang.NullPointerException
	at tests.PersonalAccountPageTests.teardown(PersonalAccountPageTests.java:97)

openLoginPageButtonExitTest[0](tests.PersonalAccountPageTests)  Time elapsed: 3.256 s  <<< ERROR!
org.openqa.selenium.SessionNotCreatedException: 
session not created: This version of ChromeDriver only supports Chrome version 114
Current browser version is 120.0.6099.110 with binary path C:\Program Files (x86)\Google\Chrome\Application\chrome.exe
Build info: version: '3.141.59', revision: 'e82be7d358', time: '2018-11-14T08:17:03'
System info: host: 'EBOGDANOVA-L', ip: '10.101.164.59', os.name: 'Windows 10', os.arch: 'amd64', os.version: '10.0', java.version: '11.0.14'
Driver info: driver.version: ChromeDriver
remote stacktrace: Backtrace:
	GetHandleVerifier [0x007BA813+48355]
	(No symbol) [0x0074C4B1]
	(No symbol) [0x00655358]
	(No symbol) [0x006761AC]
	(No symbol) [0x00671EF3]
	(No symbol) [0x00670579]
	(No symbol) [0x006A0C55]
	(No symbol) [0x006A093C]
	(No symbol) [0x0069A536]
	(No symbol) [0x006782DC]
	(No symbol) [0x006793DD]
	GetHandleVerifier [0x00A1AABD+2539405]
	GetHandleVerifier [0x00A5A78F+2800735]
	GetHandleVerifier [0x00A5456C+2775612]
	GetHandleVerifier [0x008451E0+616112]
	(No symbol) [0x00755F8C]
	(No symbol) [0x00752328]
	(No symbol) [0x0075240B]
	(No symbol) [0x00744FF7]
	BaseThreadInitThunk [0x761600C9+25]
	RtlGetAppContainerNamedObjectPath [0x772E7B4E+286]
	RtlGetAppContainerNamedObjectPath [0x772E7B1E+238]

	at tests.PersonalAccountPageTests.login(PersonalAccountPageTests.java:41)

openLoginPageButtonExitTest[0](tests.PersonalAccountPageTests)  Time elapsed: 3.257 s  <<< ERROR!
java.lang.NullPointerException
	at tests.PersonalAccountPageTests.teardown(PersonalAccountPageTests.java:97)

openMainPageButtonLogoTest[1](tests.PersonalAccountPageTests)  Time elapsed: 7.326 s  <<< ERROR!
org.openqa.selenium.ElementClickInterceptedException: 
Element <button class="button_button__33qZ0 button_button_type_primary__1O7Bx button_button_size_large__G21Vg"> is not clickable at point (1144,440) because another element <div class="Modal_modal_overlay__x2ZCr"> obscures it
Build info: version: '3.141.59', revision: 'e82be7d358', time: '2018-11-14T08:17:03'
System info: host: 'EBOGDANOVA-L', ip: '10.101.164.59', os.name: 'Windows 10', os.arch: 'amd64', os.version: '10.0', java.version: '11.0.14'
Driver info: org.openqa.selenium.firefox.FirefoxDriver
Capabilities {acceptInsecureCerts: true, browserName: firefox, browserVersion: 120.0.1, javascriptEnabled: true, moz:accessibilityChecks: false, moz:buildID: 20231129155202, moz:geckodriverVersion: 0.33.0, moz:headless: false, moz:platformVersion: 10.0, moz:processID: 18544, moz:profile: C:\Users\EBOGDA~1.OPE\AppDa..., moz:shutdownTimeout: 60000, moz:webdriverClick: true, moz:windowless: false, pageLoadStrategy: normal, platform: WINDOWS, platformName: WINDOWS, proxy: Proxy(), setWindowRect: true, strictFileInteractability: false, timeouts: {implicit: 0, pageLoad: 300000, script: 30000}, unhandledPromptBehavior: dismiss and notify}
Session ID: d2ce5609-d342-4921-b6f2-eddb43a9c5fc
	at tests.PersonalAccountPageTests.login(PersonalAccountPageTests.java:50)

