-------------------------------------------------------------------------------
Test set: tests.MainPageTests
-------------------------------------------------------------------------------
Tests run: 9, Failures: 0, Errors: 7, Skipped: 0, Time elapsed: 27.682 s <<< FAILURE! - in tests.MainPageTests
chooseBunSection[0](tests.MainPageTests)  Time elapsed: 2.372 s  <<< ERROR!
org.openqa.selenium.SessionNotCreatedException: 
session not created: This version of ChromeDriver only supports Chrome version 114
Current browser version is 120.0.6099.110 with binary path C:\Program Files (x86)\Google\Chrome\Application\chrome.exe
Build info: version: '3.141.59', revision: 'e82be7d358', time: '2018-11-14T08:17:03'
System info: host: 'EBOGDANOVA-L', ip: '10.101.164.59', os.name: 'Windows 10', os.arch: 'amd64', os.version: '10.0', java.version: '11.0.14'
Driver info: driver.version: ChromeDriver
remote stacktrace: Backtrace:
	GetHandleVerifier [0x007BA813+48355]
	(No symbol) [0x0074C4B1]
	(No symbol) [0x00655358]
	(No symbol) [0x006761AC]
	(No symbol) [0x00671EF3]
	(No symbol) [0x00670579]
	(No symbol) [0x006A0C55]
	(No symbol) [0x006A093C]
	(No symbol) [0x0069A536]
	(No symbol) [0x006782DC]
	(No symbol) [0x006793DD]
	GetHandleVerifier [0x00A1AABD+2539405]
	GetHandleVerifier [0x00A5A78F+2800735]
	GetHandleVerifier [0x00A5456C+2775612]
	GetHandleVerifier [0x008451E0+616112]
	(No symbol) [0x00755F8C]
	(No symbol) [0x00752328]
	(No symbol) [0x0075240B]
	(No symbol) [0x00744FF7]
	BaseThreadInitThunk [0x761600C9+25]
	RtlGetAppContainerNamedObjectPath [0x772E7B4E+286]
	RtlGetAppContainerNamedObjectPath [0x772E7B1E+238]

	at tests.MainPageTests.setUp(MainPageTests.java:42)

chooseBunSection[0](tests.MainPageTests)  Time elapsed: 2.373 s  <<< ERROR!
java.lang.NullPointerException
	at tests.MainPageTests.teardown(MainPageTests.java:78)

chooseFillingsSection[0](tests.MainPageTests)  Time elapsed: 2.762 s  <<< ERROR!
org.openqa.selenium.SessionNotCreatedException: 
session not created: This version of ChromeDriver only supports Chrome version 114
Current browser version is 120.0.6099.110 with binary path C:\Program Files (x86)\Google\Chrome\Application\chrome.exe
Build info: version: '3.141.59', revision: 'e82be7d358', time: '2018-11-14T08:17:03'
System info: host: 'EBOGDANOVA-L', ip: '10.101.164.59', os.name: 'Windows 10', os.arch: 'amd64', os.version: '10.0', java.version: '11.0.14'
Driver info: driver.version: ChromeDriver
remote stacktrace: Backtrace:
	GetHandleVerifier [0x007BA813+48355]
	(No symbol) [0x0074C4B1]
	(No symbol) [0x00655358]
	(No symbol) [0x006761AC]
	(No symbol) [0x00671EF3]
	(No symbol) [0x00670579]
	(No symbol) [0x006A0C55]
	(No symbol) [0x006A093C]
	(No symbol) [0x0069A536]
	(No symbol) [0x006782DC]
	(No symbol) [0x006793DD]
	GetHandleVerifier [0x00A1AABD+2539405]
	GetHandleVerifier [0x00A5A78F+2800735]
	GetHandleVerifier [0x00A5456C+2775612]
	GetHandleVerifier [0x008451E0+616112]
	(No symbol) [0x00755F8C]
	(No symbol) [0x00752328]
	(No symbol) [0x0075240B]
	(No symbol) [0x00744FF7]
	BaseThreadInitThunk [0x761600C9+25]
	RtlGetAppContainerNamedObjectPath [0x772E7B4E+286]
	RtlGetAppContainerNamedObjectPath [0x772E7B1E+238]

	at tests.MainPageTests.setUp(MainPageTests.java:42)

chooseFillingsSection[0](tests.MainPageTests)  Time elapsed: 2.762 s  <<< ERROR!
java.lang.NullPointerException
	at tests.MainPageTests.teardown(MainPageTests.java:78)

chooseSaucesSection[0](tests.MainPageTests)  Time elapsed: 2.75 s  <<< ERROR!
org.openqa.selenium.SessionNotCreatedException: 
session not created: This version of ChromeDriver only supports Chrome version 114
Current browser version is 120.0.6099.110 with binary path C:\Program Files (x86)\Google\Chrome\Application\chrome.exe
Build info: version: '3.141.59', revision: 'e82be7d358', time: '2018-11-14T08:17:03'
System info: host: 'EBOGDANOVA-L', ip: '10.101.164.59', os.name: 'Windows 10', os.arch: 'amd64', os.version: '10.0', java.version: '11.0.14'
Driver info: driver.version: ChromeDriver
remote stacktrace: Backtrace:
	GetHandleVerifier [0x007BA813+48355]
	(No symbol) [0x0074C4B1]
	(No symbol) [0x00655358]
	(No symbol) [0x006761AC]
	(No symbol) [0x00671EF3]
	(No symbol) [0x00670579]
	(No symbol) [0x006A0C55]
	(No symbol) [0x006A093C]
	(No symbol) [0x0069A536]
	(No symbol) [0x006782DC]
	(No symbol) [0x006793DD]
	GetHandleVerifier [0x00A1AABD+2539405]
	GetHandleVerifier [0x00A5A78F+2800735]
	GetHandleVerifier [0x00A5456C+2775612]
	GetHandleVerifier [0x008451E0+616112]
	(No symbol) [0x00755F8C]
	(No symbol) [0x00752328]
	(No symbol) [0x0075240B]
	(No symbol) [0x00744FF7]
	BaseThreadInitThunk [0x761600C9+25]
	RtlGetAppContainerNamedObjectPath [0x772E7B4E+286]
	RtlGetAppContainerNamedObjectPath [0x772E7B1E+238]

	at tests.MainPageTests.setUp(MainPageTests.java:42)

chooseSaucesSection[0](tests.MainPageTests)  Time elapsed: 2.75 s  <<< ERROR!
java.lang.NullPointerException
	at tests.MainPageTests.teardown(MainPageTests.java:78)

chooseFillingsSection[1](tests.MainPageTests)  Time elapsed: 6.692 s  <<< ERROR!
org.openqa.selenium.ElementClickInterceptedException: 
Element <span class="text text_type_main-default"> is not clickable at point (516,215) because another element <div class="Modal_modal_overlay__x2ZCr"> obscures it
Build info: version: '3.141.59', revision: 'e82be7d358', time: '2018-11-14T08:17:03'
System info: host: 'EBOGDANOVA-L', ip: '10.101.164.59', os.name: 'Windows 10', os.arch: 'amd64', os.version: '10.0', java.version: '11.0.14'
Driver info: org.openqa.selenium.firefox.FirefoxDriver
Capabilities {acceptInsecureCerts: true, browserName: firefox, browserVersion: 120.0.1, javascriptEnabled: true, moz:accessibilityChecks: false, moz:buildID: 20231129155202, moz:geckodriverVersion: 0.33.0, moz:headless: false, moz:platformVersion: 10.0, moz:processID: 37880, moz:profile: C:\Users\EBOGDA~1.OPE\AppDa..., moz:shutdownTimeout: 60000, moz:webdriverClick: true, moz:windowless: false, pageLoadStrategy: normal, platform: WINDOWS, platformName: WINDOWS, proxy: Proxy(), setWindowRect: true, strictFileInteractability: false, timeouts: {implicit: 0, pageLoad: 300000, script: 30000}, unhandledPromptBehavior: dismiss and notify}
Session ID: db0acab1-04ba-407b-b661-8eedc58e6256
	at tests.MainPageTests.chooseFillingsSection(MainPageTests.java:64)

